<?xml version="1.0" encoding="UTF-8"?>
<!-- Generated by org.testng.reporters.JUnitXMLReporter -->
<testsuite ignored="0" hostname="DESKTOP-16JHH16" failures="0" tests="3" name="Default test" time="44.526" errors="0" timestamp="2022-05-13T18:58:26 IST">
  <testcase classname="report.NopCommerceTest" name="noCommerceLoginTest" time="0.023"/>
  <testcase classname="report.NopCommerceTest" name="noCommerceLogoTest" time="0.267"/>
  <testcase classname="report.NopCommerceTest" name="noCommerceTitleTest" time="0.011"/>
</testsuite> <!-- Default test -->
